ARM GAS  C:\Users\KUT-PC\AppData\Local\Temp\ccGLA1OP.s 			page 1


   1              		.syntax unified
   2              		.cpu cortex-m3
   3              		.fpu softvfp
   4              		.eabi_attribute 20, 1
   5              		.eabi_attribute 21, 1
   6              		.eabi_attribute 23, 3
   7              		.eabi_attribute 24, 1
   8              		.eabi_attribute 25, 1
   9              		.eabi_attribute 26, 1
  10              		.eabi_attribute 30, 1
  11              		.eabi_attribute 34, 1
  12              		.eabi_attribute 18, 4
  13              		.thumb
  14              		.syntax unified
  15              		.file	"cymetadata.c"
  16              		.text
  17              	.Ltext0:
  18              		.cfi_sections	.debug_frame
  19              		.global	cy_metadata
  20              		.global	cy_meta_flashprotect
  21              		.global	cy_meta_wonvl
  22              		.global	cy_meta_custnvl
  23              		.global	cy_meta_configecc
  24              		.section	.cyconfigecc,"a",%progbits
  25              		.align	2
  26              		.type	cy_meta_configecc, %object
  27              		.size	cy_meta_configecc, 416
  28              	cy_meta_configecc:
  29 0000 02       		.byte	2
  30 0001 52       		.byte	82
  31 0002 00       		.byte	0
  32 0003 40       		.byte	64
  33 0004 01       		.byte	1
  34 0005 65       		.byte	101
  35 0006 00       		.byte	0
  36 0007 40       		.byte	64
  37 0008 01       		.byte	1
  38 0009 07       		.byte	7
  39 000a 01       		.byte	1
  40 000b 40       		.byte	64
  41 000c 01       		.byte	1
  42 000d 09       		.byte	9
  43 000e 01       		.byte	1
  44 000f 40       		.byte	64
  45 0010 01       		.byte	1
  46 0011 15       		.byte	21
  47 0012 01       		.byte	1
  48 0013 40       		.byte	64
  49 0014 59       		.byte	89
  50 0015 1A       		.byte	26
  51 0016 01       		.byte	1
  52 0017 40       		.byte	64
  53 0018 31       		.byte	49
  54 0019 1B       		.byte	27
  55 001a 01       		.byte	1
  56 001b 40       		.byte	64
  57 001c 02       		.byte	2
ARM GAS  C:\Users\KUT-PC\AppData\Local\Temp\ccGLA1OP.s 			page 2


  58 001d 42       		.byte	66
  59 001e 01       		.byte	1
  60 001f 40       		.byte	64
  61 0020 01       		.byte	1
  62 0021 43       		.byte	67
  63 0022 01       		.byte	1
  64 0023 40       		.byte	64
  65 0024 03       		.byte	3
  66 0025 47       		.byte	71
  67 0026 01       		.byte	1
  68 0027 40       		.byte	64
  69 0028 03       		.byte	3
  70 0029 49       		.byte	73
  71 002a 01       		.byte	1
  72 002b 40       		.byte	64
  73 002c 01       		.byte	1
  74 002d 4C       		.byte	76
  75 002e 01       		.byte	1
  76 002f 40       		.byte	64
  77 0030 0A       		.byte	10
  78 0031 4D       		.byte	77
  79 0032 01       		.byte	1
  80 0033 40       		.byte	64
  81 0034 02       		.byte	2
  82 0035 50       		.byte	80
  83 0036 01       		.byte	1
  84 0037 40       		.byte	64
  85 0038 60       		.byte	96
  86 0039 04       		.byte	4
  87 003a 61       		.byte	97
  88 003b 80       		.byte	-128
  89 003c 8A       		.byte	-118
  90 003d 0F       		.byte	15
  91 003e E8       		.byte	-24
  92 003f 10       		.byte	16
  93 0040 E8       		.byte	-24
  94 0041 10       		.byte	16
  95 0042 E2       		.byte	-30
  96 0043 10       		.byte	16
  97 0044 00       		.byte	0
  98 0045 03       		.byte	3
  99 0046 01       		.byte	1
 100 0047 10       		.byte	16
 101 0048 02       		.byte	2
 102 0049 1C       		.byte	28
 103 004a 06       		.byte	6
 104 004b 28       		.byte	40
 105 004c 07       		.byte	7
 106 004d 20       		.byte	32
 107 004e 08       		.byte	8
 108 004f 03       		.byte	3
 109 0050 0A       		.byte	10
 110 0051 34       		.byte	52
 111 0052 0D       		.byte	13
 112 0053 14       		.byte	20
 113 0054 10       		.byte	16
 114 0055 40       		.byte	64
ARM GAS  C:\Users\KUT-PC\AppData\Local\Temp\ccGLA1OP.s 			page 3


 115 0056 13       		.byte	19
 116 0057 03       		.byte	3
 117 0058 14       		.byte	20
 118 0059 2A       		.byte	42
 119 005a 15       		.byte	21
 120 005b 1C       		.byte	28
 121 005c 16       		.byte	22
 122 005d 14       		.byte	20
 123 005e 17       		.byte	23
 124 005f 22       		.byte	34
 125 0060 18       		.byte	24
 126 0061 80       		.byte	-128
 127 0062 19       		.byte	25
 128 0063 09       		.byte	9
 129 0064 1B       		.byte	27
 130 0065 10       		.byte	16
 131 0066 1E       		.byte	30
 132 0067 20       		.byte	32
 133 0068 21       		.byte	33
 134 0069 30       		.byte	48
 135 006a 23       		.byte	35
 136 006b 0C       		.byte	12
 137 006c 25       		.byte	37
 138 006d 2C       		.byte	44
 139 006e 26       		.byte	38
 140 006f 15       		.byte	21
 141 0070 27       		.byte	39
 142 0071 11       		.byte	17
 143 0072 28       		.byte	40
 144 0073 03       		.byte	3
 145 0074 2A       		.byte	42
 146 0075 04       		.byte	4
 147 0076 2B       		.byte	43
 148 0077 20       		.byte	32
 149 0078 30       		.byte	48
 150 0079 40       		.byte	64
 151 007a 31       		.byte	49
 152 007b 1F       		.byte	31
 153 007c 32       		.byte	50
 154 007d 38       		.byte	56
 155 007e 34       		.byte	52
 156 007f 80       		.byte	-128
 157 0080 36       		.byte	54
 158 0081 0F       		.byte	15
 159 0082 37       		.byte	55
 160 0083 20       		.byte	32
 161 0084 3A       		.byte	58
 162 0085 88       		.byte	-120
 163 0086 3E       		.byte	62
 164 0087 11       		.byte	17
 165 0088 3F       		.byte	63
 166 0089 40       		.byte	64
 167 008a 40       		.byte	64
 168 008b 12       		.byte	18
 169 008c 41       		.byte	65
 170 008d 03       		.byte	3
 171 008e 45       		.byte	69
ARM GAS  C:\Users\KUT-PC\AppData\Local\Temp\ccGLA1OP.s 			page 4


 172 008f 0E       		.byte	14
 173 0090 46       		.byte	70
 174 0091 0B       		.byte	11
 175 0092 47       		.byte	71
 176 0093 0C       		.byte	12
 177 0094 48       		.byte	72
 178 0095 15       		.byte	21
 179 0096 49       		.byte	73
 180 0097 FF       		.byte	-1
 181 0098 4A       		.byte	74
 182 0099 FF       		.byte	-1
 183 009a 4B       		.byte	75
 184 009b FF       		.byte	-1
 185 009c 4E       		.byte	78
 186 009d F0       		.byte	-16
 187 009e 4F       		.byte	79
 188 009f 44       		.byte	68
 189 00a0 50       		.byte	80
 190 00a1 0C       		.byte	12
 191 00a2 54       		.byte	84
 192 00a3 01       		.byte	1
 193 00a4 58       		.byte	88
 194 00a5 04       		.byte	4
 195 00a6 59       		.byte	89
 196 00a7 04       		.byte	4
 197 00a8 5A       		.byte	90
 198 00a9 04       		.byte	4
 199 00aa 5B       		.byte	91
 200 00ab 04       		.byte	4
 201 00ac 5F       		.byte	95
 202 00ad 01       		.byte	1
 203 00ae 66       		.byte	102
 204 00af C0       		.byte	-64
 205 00b0 6A       		.byte	106
 206 00b1 40       		.byte	64
 207 00b2 6B       		.byte	107
 208 00b3 02       		.byte	2
 209 00b4 83       		.byte	-125
 210 00b5 08       		.byte	8
 211 00b6 85       		.byte	-123
 212 00b7 80       		.byte	-128
 213 00b8 87       		.byte	-121
 214 00b9 13       		.byte	19
 215 00ba 97       		.byte	-105
 216 00bb 0C       		.byte	12
 217 00bc 99       		.byte	-103
 218 00bd 2C       		.byte	44
 219 00be 9B       		.byte	-101
 220 00bf 43       		.byte	67
 221 00c0 A1       		.byte	-95
 222 00c1 71       		.byte	113
 223 00c2 A3       		.byte	-93
 224 00c3 06       		.byte	6
 225 00c4 A9       		.byte	-87
 226 00c5 71       		.byte	113
 227 00c6 AB       		.byte	-85
 228 00c7 0E       		.byte	14
ARM GAS  C:\Users\KUT-PC\AppData\Local\Temp\ccGLA1OP.s 			page 5


 229 00c8 B1       		.byte	-79
 230 00c9 30       		.byte	48
 231 00ca B3       		.byte	-77
 232 00cb 0F       		.byte	15
 233 00cc B5       		.byte	-75
 234 00cd C0       		.byte	-64
 235 00ce B9       		.byte	-71
 236 00cf 22       		.byte	34
 237 00d0 BB       		.byte	-69
 238 00d1 08       		.byte	8
 239 00d2 BF       		.byte	-65
 240 00d3 01       		.byte	1
 241 00d4 C0       		.byte	-64
 242 00d5 01       		.byte	1
 243 00d6 C5       		.byte	-59
 244 00d7 40       		.byte	64
 245 00d8 C9       		.byte	-55
 246 00d9 FF       		.byte	-1
 247 00da CA       		.byte	-54
 248 00db 07       		.byte	7
 249 00dc CB       		.byte	-53
 250 00dd FF       		.byte	-1
 251 00de CC       		.byte	-52
 252 00df 40       		.byte	64
 253 00e0 CD       		.byte	-51
 254 00e1 20       		.byte	32
 255 00e2 CE       		.byte	-50
 256 00e3 F0       		.byte	-16
 257 00e4 CF       		.byte	-49
 258 00e5 05       		.byte	5
 259 00e6 D0       		.byte	-48
 260 00e7 08       		.byte	8
 261 00e8 D9       		.byte	-39
 262 00e9 04       		.byte	4
 263 00ea DA       		.byte	-38
 264 00eb 04       		.byte	4
 265 00ec DF       		.byte	-33
 266 00ed 01       		.byte	1
 267 00ee E0       		.byte	-32
 268 00ef 40       		.byte	64
 269 00f0 E1       		.byte	-31
 270 00f1 A8       		.byte	-88
 271 00f2 E2       		.byte	-30
 272 00f3 40       		.byte	64
 273 00f4 E3       		.byte	-29
 274 00f5 20       		.byte	32
 275 00f6 00       		.byte	0
 276 00f7 04       		.byte	4
 277 00f8 03       		.byte	3
 278 00f9 88       		.byte	-120
 279 00fa 09       		.byte	9
 280 00fb 0A       		.byte	10
 281 00fc 0B       		.byte	11
 282 00fd 05       		.byte	5
 283 00fe 10       		.byte	16
 284 00ff 28       		.byte	40
 285 0100 13       		.byte	19
ARM GAS  C:\Users\KUT-PC\AppData\Local\Temp\ccGLA1OP.s 			page 6


 286 0101 20       		.byte	32
 287 0102 18       		.byte	24
 288 0103 40       		.byte	64
 289 0104 19       		.byte	25
 290 0105 04       		.byte	4
 291 0106 1A       		.byte	26
 292 0107 04       		.byte	4
 293 0108 1B       		.byte	27
 294 0109 88       		.byte	-120
 295 010a 21       		.byte	33
 296 010b 02       		.byte	2
 297 010c 22       		.byte	34
 298 010d 40       		.byte	64
 299 010e 24       		.byte	36
 300 010f 04       		.byte	4
 301 0110 25       		.byte	37
 302 0111 08       		.byte	8
 303 0112 26       		.byte	38
 304 0113 20       		.byte	32
 305 0114 27       		.byte	39
 306 0115 58       		.byte	88
 307 0116 29       		.byte	41
 308 0117 04       		.byte	4
 309 0118 2B       		.byte	43
 310 0119 84       		.byte	-124
 311 011a 2F       		.byte	47
 312 011b 88       		.byte	-120
 313 011c 31       		.byte	49
 314 011d 0A       		.byte	10
 315 011e 32       		.byte	50
 316 011f 20       		.byte	32
 317 0120 37       		.byte	55
 318 0121 18       		.byte	24
 319 0122 38       		.byte	56
 320 0123 88       		.byte	-120
 321 0124 3B       		.byte	59
 322 0125 01       		.byte	1
 323 0126 3E       		.byte	62
 324 0127 08       		.byte	8
 325 0128 3F       		.byte	63
 326 0129 09       		.byte	9
 327 012a 42       		.byte	66
 328 012b 08       		.byte	8
 329 012c 43       		.byte	67
 330 012d 88       		.byte	-120
 331 012e 47       		.byte	71
 332 012f 40       		.byte	64
 333 0130 4B       		.byte	75
 334 0131 04       		.byte	4
 335 0132 4C       		.byte	76
 336 0133 20       		.byte	32
 337 0134 4F       		.byte	79
 338 0135 09       		.byte	9
 339 0136 50       		.byte	80
 340 0137 4C       		.byte	76
 341 0138 58       		.byte	88
 342 0139 01       		.byte	1
ARM GAS  C:\Users\KUT-PC\AppData\Local\Temp\ccGLA1OP.s 			page 7


 343 013a 5A       		.byte	90
 344 013b 84       		.byte	-124
 345 013c 5B       		.byte	91
 346 013d 20       		.byte	32
 347 013e 80       		.byte	-128
 348 013f 40       		.byte	64
 349 0140 84       		.byte	-124
 350 0141 01       		.byte	1
 351 0142 87       		.byte	-121
 352 0143 04       		.byte	4
 353 0144 C0       		.byte	-64
 354 0145 0E       		.byte	14
 355 0146 C2       		.byte	-62
 356 0147 0F       		.byte	15
 357 0148 C4       		.byte	-60
 358 0149 06       		.byte	6
 359 014a CA       		.byte	-54
 360 014b A7       		.byte	-89
 361 014c CC       		.byte	-52
 362 014d 67       		.byte	103
 363 014e CE       		.byte	-50
 364 014f CB       		.byte	-53
 365 0150 D0       		.byte	-48
 366 0151 1E       		.byte	30
 367 0152 D6       		.byte	-42
 368 0153 0F       		.byte	15
 369 0154 E2       		.byte	-30
 370 0155 10       		.byte	16
 371 0156 E4       		.byte	-28
 372 0157 04       		.byte	4
 373 0158 04       		.byte	4
 374 0159 08       		.byte	8
 375 015a C0       		.byte	-64
 376 015b 20       		.byte	32
 377 015c B4       		.byte	-76
 378 015d 04       		.byte	4
 379 015e 98       		.byte	-104
 380 015f 02       		.byte	2
 381 0160 B4       		.byte	-76
 382 0161 02       		.byte	2
 383 0162 E8       		.byte	-24
 384 0163 08       		.byte	8
 385 0164 7C       		.byte	124
 386 0165 80       		.byte	-128
 387 0166 8C       		.byte	-116
 388 0167 80       		.byte	-128
 389 0168 DE       		.byte	-34
 390 0169 20       		.byte	32
 391 016a 98       		.byte	-104
 392 016b 02       		.byte	2
 393 016c 18       		.byte	24
 394 016d 10       		.byte	16
 395 016e 70       		.byte	112
 396 016f 01       		.byte	1
 397 0170 78       		.byte	120
 398 0171 02       		.byte	2
 399 0172 80       		.byte	-128
ARM GAS  C:\Users\KUT-PC\AppData\Local\Temp\ccGLA1OP.s 			page 8


 400 0173 01       		.byte	1
 401 0174 8C       		.byte	-116
 402 0175 10       		.byte	16
 403 0176 98       		.byte	-104
 404 0177 02       		.byte	2
 405 0178 C6       		.byte	-58
 406 0179 08       		.byte	8
 407 017a DC       		.byte	-36
 408 017b 01       		.byte	1
 409 017c DE       		.byte	-34
 410 017d 02       		.byte	2
 411 017e E2       		.byte	-30
 412 017f 08       		.byte	8
 413 0180 10       		.byte	16
 414 0181 01       		.byte	1
 415 0182 1C       		.byte	28
 416 0183 01       		.byte	1
 417 0184 80       		.byte	-128
 418 0185 00       		.byte	0
 419 0186 08       		.byte	8
 420 0187 84       		.byte	-124
 421 0188 84       		.byte	-124
 422 0189 00       		.byte	0
 423 018a 84       		.byte	-124
 424 018b 00       		.byte	0
 425 018c 00       		.byte	0
 426 018d 00       		.byte	0
 427 018e 00       		.byte	0
 428 018f 00       		.byte	0
 429 0190 00       		.byte	0
 430 0191 0B       		.byte	11
 431 0192 0B       		.byte	11
 432 0193 00       		.byte	0
 433 0194 00       		.byte	0
 434 0195 00       		.byte	0
 435 0196 00       		.byte	0
 436 0197 00       		.byte	0
 437 0198 04       		.byte	4
 438 0199 02       		.byte	2
 439 019a 02       		.byte	2
 440 019b 00       		.byte	0
 441 019c 00       		.byte	0
 442 019d 00       		.byte	0
 443 019e 00       		.byte	0
 444 019f 00       		.byte	0
 445              		.section	.cywolatch,"a",%progbits
 446              		.align	2
 447              		.type	cy_meta_wonvl, %object
 448              		.size	cy_meta_wonvl, 4
 449              	cy_meta_wonvl:
 450 0000 BC       		.byte	-68
 451 0001 90       		.byte	-112
 452 0002 AC       		.byte	-84
 453 0003 AF       		.byte	-81
 454              		.section	.cycustnvl,"a",%progbits
 455              		.align	2
 456              		.type	cy_meta_custnvl, %object
ARM GAS  C:\Users\KUT-PC\AppData\Local\Temp\ccGLA1OP.s 			page 9


 457              		.size	cy_meta_custnvl, 4
 458              	cy_meta_custnvl:
 459 0000 00       		.byte	0
 460 0001 00       		.byte	0
 461 0002 40       		.byte	64
 462 0003 05       		.byte	5
 463              		.section	.cymeta,"a",%progbits
 464              		.align	2
 465              		.type	cy_metadata, %object
 466              		.size	cy_metadata, 12
 467              	cy_metadata:
 468 0000 00       		.byte	0
 469 0001 01       		.byte	1
 470 0002 2E       		.byte	46
 471 0003 16       		.byte	22
 472 0004 10       		.byte	16
 473 0005 69       		.byte	105
 474 0006 00       		.byte	0
 475 0007 01       		.byte	1
 476 0008 00       		.byte	0
 477 0009 00       		.byte	0
 478 000a 00       		.byte	0
 479 000b 00       		.byte	0
 480              		.section	.cyflashprotect,"a",%progbits
 481              		.align	2
 482              		.type	cy_meta_flashprotect, %object
 483              		.size	cy_meta_flashprotect, 256
 484              	cy_meta_flashprotect:
 485 0000 00000000 		.space	256
 485      00000000 
 485      00000000 
 485      00000000 
 485      00000000 
 486              		.text
 487              	.Letext0:
 488              		.file 1 "c:\\program files (x86)\\cypress\\psoc creator\\4.2\\psoc creator\\import\\gnu\\arm\\5.4.
 489              		.file 2 "c:\\program files (x86)\\cypress\\psoc creator\\4.2\\psoc creator\\import\\gnu\\arm\\5.4.
 490              		.file 3 "Generated_Source\\PSoC5\\cymetadata.c"
 491              		.section	.debug_info,"",%progbits
 492              	.Ldebug_info0:
 493 0000 31010000 		.4byte	0x131
 494 0004 0400     		.2byte	0x4
 495 0006 00000000 		.4byte	.Ldebug_abbrev0
 496 000a 04       		.byte	0x4
 497 000b 01       		.uleb128 0x1
 498 000c 24000000 		.4byte	.LASF17
 499 0010 0C       		.byte	0xc
 500 0011 BF010000 		.4byte	.LASF18
 501 0015 5F010000 		.4byte	.LASF19
 502 0019 00000000 		.4byte	.Ldebug_line0
 503 001d 02       		.uleb128 0x2
 504 001e 01       		.byte	0x1
 505 001f 06       		.byte	0x6
 506 0020 B3010000 		.4byte	.LASF0
 507 0024 03       		.uleb128 0x3
 508 0025 00000000 		.4byte	.LASF9
 509 0029 01       		.byte	0x1
ARM GAS  C:\Users\KUT-PC\AppData\Local\Temp\ccGLA1OP.s 			page 10


 510 002a 1D       		.byte	0x1d
 511 002b 2F000000 		.4byte	0x2f
 512 002f 02       		.uleb128 0x2
 513 0030 01       		.byte	0x1
 514 0031 08       		.byte	0x8
 515 0032 16000000 		.4byte	.LASF1
 516 0036 02       		.uleb128 0x2
 517 0037 02       		.byte	0x2
 518 0038 05       		.byte	0x5
 519 0039 A0010000 		.4byte	.LASF2
 520 003d 02       		.uleb128 0x2
 521 003e 02       		.byte	0x2
 522 003f 07       		.byte	0x7
 523 0040 C4000000 		.4byte	.LASF3
 524 0044 02       		.uleb128 0x2
 525 0045 04       		.byte	0x4
 526 0046 05       		.byte	0x5
 527 0047 AA010000 		.4byte	.LASF4
 528 004b 02       		.uleb128 0x2
 529 004c 04       		.byte	0x4
 530 004d 07       		.byte	0x7
 531 004e B2000000 		.4byte	.LASF5
 532 0052 02       		.uleb128 0x2
 533 0053 08       		.byte	0x8
 534 0054 05       		.byte	0x5
 535 0055 51010000 		.4byte	.LASF6
 536 0059 02       		.uleb128 0x2
 537 005a 08       		.byte	0x8
 538 005b 07       		.byte	0x7
 539 005c 06010000 		.4byte	.LASF7
 540 0060 04       		.uleb128 0x4
 541 0061 04       		.byte	0x4
 542 0062 05       		.byte	0x5
 543 0063 696E7400 		.ascii	"int\000"
 544 0067 02       		.uleb128 0x2
 545 0068 04       		.byte	0x4
 546 0069 07       		.byte	0x7
 547 006a F9000000 		.4byte	.LASF8
 548 006e 03       		.uleb128 0x3
 549 006f 1D010000 		.4byte	.LASF10
 550 0073 02       		.byte	0x2
 551 0074 18       		.byte	0x18
 552 0075 24000000 		.4byte	0x24
 553 0079 05       		.uleb128 0x5
 554 007a 91000000 		.4byte	0x91
 555 007e 8A000000 		.4byte	0x8a
 556 0082 06       		.uleb128 0x6
 557 0083 8A000000 		.4byte	0x8a
 558 0087 9F01     		.2byte	0x19f
 559 0089 00       		.byte	0
 560 008a 02       		.uleb128 0x2
 561 008b 04       		.byte	0x4
 562 008c 07       		.byte	0x7
 563 008d 48010000 		.4byte	.LASF11
 564 0091 07       		.uleb128 0x7
 565 0092 6E000000 		.4byte	0x6e
 566 0096 08       		.uleb128 0x8
ARM GAS  C:\Users\KUT-PC\AppData\Local\Temp\ccGLA1OP.s 			page 11


 567 0097 E7000000 		.4byte	.LASF12
 568 009b 03       		.byte	0x3
 569 009c 1F       		.byte	0x1f
 570 009d A7000000 		.4byte	0xa7
 571 00a1 05       		.uleb128 0x5
 572 00a2 03       		.byte	0x3
 573 00a3 00000000 		.4byte	cy_meta_configecc
 574 00a7 07       		.uleb128 0x7
 575 00a8 79000000 		.4byte	0x79
 576 00ac 05       		.uleb128 0x5
 577 00ad 91000000 		.4byte	0x91
 578 00b1 BC000000 		.4byte	0xbc
 579 00b5 09       		.uleb128 0x9
 580 00b6 8A000000 		.4byte	0x8a
 581 00ba 03       		.byte	0x3
 582 00bb 00       		.byte	0
 583 00bc 08       		.uleb128 0x8
 584 00bd D7000000 		.4byte	.LASF13
 585 00c1 03       		.byte	0x3
 586 00c2 60       		.byte	0x60
 587 00c3 CD000000 		.4byte	0xcd
 588 00c7 05       		.uleb128 0x5
 589 00c8 03       		.byte	0x3
 590 00c9 00000000 		.4byte	cy_meta_custnvl
 591 00cd 07       		.uleb128 0x7
 592 00ce AC000000 		.4byte	0xac
 593 00d2 08       		.uleb128 0x8
 594 00d3 3A010000 		.4byte	.LASF14
 595 00d7 03       		.byte	0x3
 596 00d8 6E       		.byte	0x6e
 597 00d9 E3000000 		.4byte	0xe3
 598 00dd 05       		.uleb128 0x5
 599 00de 03       		.byte	0x3
 600 00df 00000000 		.4byte	cy_meta_wonvl
 601 00e3 07       		.uleb128 0x7
 602 00e4 AC000000 		.4byte	0xac
 603 00e8 05       		.uleb128 0x5
 604 00e9 91000000 		.4byte	0x91
 605 00ed F8000000 		.4byte	0xf8
 606 00f1 09       		.uleb128 0x9
 607 00f2 8A000000 		.4byte	0x8a
 608 00f6 FF       		.byte	0xff
 609 00f7 00       		.byte	0
 610 00f8 08       		.uleb128 0x8
 611 00f9 25010000 		.4byte	.LASF15
 612 00fd 03       		.byte	0x3
 613 00fe 7C       		.byte	0x7c
 614 00ff 09010000 		.4byte	0x109
 615 0103 05       		.uleb128 0x5
 616 0104 03       		.byte	0x3
 617 0105 00000000 		.4byte	cy_meta_flashprotect
 618 0109 07       		.uleb128 0x7
 619 010a E8000000 		.4byte	0xe8
 620 010e 05       		.uleb128 0x5
 621 010f 91000000 		.4byte	0x91
 622 0113 1E010000 		.4byte	0x11e
 623 0117 09       		.uleb128 0x9
ARM GAS  C:\Users\KUT-PC\AppData\Local\Temp\ccGLA1OP.s 			page 12


 624 0118 8A000000 		.4byte	0x8a
 625 011c 0B       		.byte	0xb
 626 011d 00       		.byte	0
 627 011e 08       		.uleb128 0x8
 628 011f 0A000000 		.4byte	.LASF16
 629 0123 03       		.byte	0x3
 630 0124 A9       		.byte	0xa9
 631 0125 2F010000 		.4byte	0x12f
 632 0129 05       		.uleb128 0x5
 633 012a 03       		.byte	0x3
 634 012b 00000000 		.4byte	cy_metadata
 635 012f 07       		.uleb128 0x7
 636 0130 0E010000 		.4byte	0x10e
 637 0134 00       		.byte	0
 638              		.section	.debug_abbrev,"",%progbits
 639              	.Ldebug_abbrev0:
 640 0000 01       		.uleb128 0x1
 641 0001 11       		.uleb128 0x11
 642 0002 01       		.byte	0x1
 643 0003 25       		.uleb128 0x25
 644 0004 0E       		.uleb128 0xe
 645 0005 13       		.uleb128 0x13
 646 0006 0B       		.uleb128 0xb
 647 0007 03       		.uleb128 0x3
 648 0008 0E       		.uleb128 0xe
 649 0009 1B       		.uleb128 0x1b
 650 000a 0E       		.uleb128 0xe
 651 000b 10       		.uleb128 0x10
 652 000c 17       		.uleb128 0x17
 653 000d 00       		.byte	0
 654 000e 00       		.byte	0
 655 000f 02       		.uleb128 0x2
 656 0010 24       		.uleb128 0x24
 657 0011 00       		.byte	0
 658 0012 0B       		.uleb128 0xb
 659 0013 0B       		.uleb128 0xb
 660 0014 3E       		.uleb128 0x3e
 661 0015 0B       		.uleb128 0xb
 662 0016 03       		.uleb128 0x3
 663 0017 0E       		.uleb128 0xe
 664 0018 00       		.byte	0
 665 0019 00       		.byte	0
 666 001a 03       		.uleb128 0x3
 667 001b 16       		.uleb128 0x16
 668 001c 00       		.byte	0
 669 001d 03       		.uleb128 0x3
 670 001e 0E       		.uleb128 0xe
 671 001f 3A       		.uleb128 0x3a
 672 0020 0B       		.uleb128 0xb
 673 0021 3B       		.uleb128 0x3b
 674 0022 0B       		.uleb128 0xb
 675 0023 49       		.uleb128 0x49
 676 0024 13       		.uleb128 0x13
 677 0025 00       		.byte	0
 678 0026 00       		.byte	0
 679 0027 04       		.uleb128 0x4
 680 0028 24       		.uleb128 0x24
ARM GAS  C:\Users\KUT-PC\AppData\Local\Temp\ccGLA1OP.s 			page 13


 681 0029 00       		.byte	0
 682 002a 0B       		.uleb128 0xb
 683 002b 0B       		.uleb128 0xb
 684 002c 3E       		.uleb128 0x3e
 685 002d 0B       		.uleb128 0xb
 686 002e 03       		.uleb128 0x3
 687 002f 08       		.uleb128 0x8
 688 0030 00       		.byte	0
 689 0031 00       		.byte	0
 690 0032 05       		.uleb128 0x5
 691 0033 01       		.uleb128 0x1
 692 0034 01       		.byte	0x1
 693 0035 49       		.uleb128 0x49
 694 0036 13       		.uleb128 0x13
 695 0037 01       		.uleb128 0x1
 696 0038 13       		.uleb128 0x13
 697 0039 00       		.byte	0
 698 003a 00       		.byte	0
 699 003b 06       		.uleb128 0x6
 700 003c 21       		.uleb128 0x21
 701 003d 00       		.byte	0
 702 003e 49       		.uleb128 0x49
 703 003f 13       		.uleb128 0x13
 704 0040 2F       		.uleb128 0x2f
 705 0041 05       		.uleb128 0x5
 706 0042 00       		.byte	0
 707 0043 00       		.byte	0
 708 0044 07       		.uleb128 0x7
 709 0045 26       		.uleb128 0x26
 710 0046 00       		.byte	0
 711 0047 49       		.uleb128 0x49
 712 0048 13       		.uleb128 0x13
 713 0049 00       		.byte	0
 714 004a 00       		.byte	0
 715 004b 08       		.uleb128 0x8
 716 004c 34       		.uleb128 0x34
 717 004d 00       		.byte	0
 718 004e 03       		.uleb128 0x3
 719 004f 0E       		.uleb128 0xe
 720 0050 3A       		.uleb128 0x3a
 721 0051 0B       		.uleb128 0xb
 722 0052 3B       		.uleb128 0x3b
 723 0053 0B       		.uleb128 0xb
 724 0054 49       		.uleb128 0x49
 725 0055 13       		.uleb128 0x13
 726 0056 3F       		.uleb128 0x3f
 727 0057 19       		.uleb128 0x19
 728 0058 02       		.uleb128 0x2
 729 0059 18       		.uleb128 0x18
 730 005a 00       		.byte	0
 731 005b 00       		.byte	0
 732 005c 09       		.uleb128 0x9
 733 005d 21       		.uleb128 0x21
 734 005e 00       		.byte	0
 735 005f 49       		.uleb128 0x49
 736 0060 13       		.uleb128 0x13
 737 0061 2F       		.uleb128 0x2f
ARM GAS  C:\Users\KUT-PC\AppData\Local\Temp\ccGLA1OP.s 			page 14


 738 0062 0B       		.uleb128 0xb
 739 0063 00       		.byte	0
 740 0064 00       		.byte	0
 741 0065 00       		.byte	0
 742              		.section	.debug_aranges,"",%progbits
 743 0000 14000000 		.4byte	0x14
 744 0004 0200     		.2byte	0x2
 745 0006 00000000 		.4byte	.Ldebug_info0
 746 000a 04       		.byte	0x4
 747 000b 00       		.byte	0
 748 000c 0000     		.2byte	0
 749 000e 0000     		.2byte	0
 750 0010 00000000 		.4byte	0
 751 0014 00000000 		.4byte	0
 752              		.section	.debug_line,"",%progbits
 753              	.Ldebug_line0:
 754 0000 3D010000 		.section	.debug_str,"MS",%progbits,1
 754      02003701 
 754      00000201 
 754      FB0E0D00 
 754      01010101 
 755              	.LASF9:
 756 0000 5F5F7569 		.ascii	"__uint8_t\000"
 756      6E74385F 
 756      7400
 757              	.LASF16:
 758 000a 63795F6D 		.ascii	"cy_metadata\000"
 758      65746164 
 758      61746100 
 759              	.LASF1:
 760 0016 756E7369 		.ascii	"unsigned char\000"
 760      676E6564 
 760      20636861 
 760      7200
 761              	.LASF17:
 762 0024 474E5520 		.ascii	"GNU C11 5.4.1 20160609 (release) [ARM/embedded-5-br"
 762      43313120 
 762      352E342E 
 762      31203230 
 762      31363036 
 763 0057 616E6368 		.ascii	"anch revision 237715] -mcpu=cortex-m3 -mthumb -g -O"
 763      20726576 
 763      6973696F 
 763      6E203233 
 763      37373135 
 764 008a 67202D66 		.ascii	"g -ffunction-sections -ffat-lto-objects\000"
 764      66756E63 
 764      74696F6E 
 764      2D736563 
 764      74696F6E 
 765              	.LASF5:
 766 00b2 6C6F6E67 		.ascii	"long unsigned int\000"
 766      20756E73 
 766      69676E65 
 766      6420696E 
 766      7400
 767              	.LASF3:
ARM GAS  C:\Users\KUT-PC\AppData\Local\Temp\ccGLA1OP.s 			page 15


 768 00c4 73686F72 		.ascii	"short unsigned int\000"
 768      7420756E 
 768      7369676E 
 768      65642069 
 768      6E7400
 769              	.LASF13:
 770 00d7 63795F6D 		.ascii	"cy_meta_custnvl\000"
 770      6574615F 
 770      63757374 
 770      6E766C00 
 771              	.LASF12:
 772 00e7 63795F6D 		.ascii	"cy_meta_configecc\000"
 772      6574615F 
 772      636F6E66 
 772      69676563 
 772      6300
 773              	.LASF8:
 774 00f9 756E7369 		.ascii	"unsigned int\000"
 774      676E6564 
 774      20696E74 
 774      00
 775              	.LASF7:
 776 0106 6C6F6E67 		.ascii	"long long unsigned int\000"
 776      206C6F6E 
 776      6720756E 
 776      7369676E 
 776      65642069 
 777              	.LASF10:
 778 011d 75696E74 		.ascii	"uint8_t\000"
 778      385F7400 
 779              	.LASF15:
 780 0125 63795F6D 		.ascii	"cy_meta_flashprotect\000"
 780      6574615F 
 780      666C6173 
 780      6870726F 
 780      74656374 
 781              	.LASF14:
 782 013a 63795F6D 		.ascii	"cy_meta_wonvl\000"
 782      6574615F 
 782      776F6E76 
 782      6C00
 783              	.LASF11:
 784 0148 73697A65 		.ascii	"sizetype\000"
 784      74797065 
 784      00
 785              	.LASF6:
 786 0151 6C6F6E67 		.ascii	"long long int\000"
 786      206C6F6E 
 786      6720696E 
 786      7400
 787              	.LASF19:
 788 015f 433A5C55 		.ascii	"C:\\Users\\KUT-PC\\Documents\\PSoC Creator\\CAN_tes"
 788      73657273 
 788      5C4B5554 
 788      2D50435C 
 788      446F6375 
 789 018d 745C6361 		.ascii	"t\\can_master.cydsn\000"
ARM GAS  C:\Users\KUT-PC\AppData\Local\Temp\ccGLA1OP.s 			page 16


 789      6E5F6D61 
 789      73746572 
 789      2E637964 
 789      736E00
 790              	.LASF2:
 791 01a0 73686F72 		.ascii	"short int\000"
 791      7420696E 
 791      7400
 792              	.LASF4:
 793 01aa 6C6F6E67 		.ascii	"long int\000"
 793      20696E74 
 793      00
 794              	.LASF0:
 795 01b3 7369676E 		.ascii	"signed char\000"
 795      65642063 
 795      68617200 
 796              	.LASF18:
 797 01bf 47656E65 		.ascii	"Generated_Source\\PSoC5\\cymetadata.c\000"
 797      72617465 
 797      645F536F 
 797      75726365 
 797      5C50536F 
 798              		.ident	"GCC: (GNU Tools for ARM Embedded Processors) 5.4.1 20160609 (release) [ARM/embedded-5-bran
