ARM GAS  C:\Users\KUT-PC\AppData\Local\Temp\ccH67urK.s 			page 1


   1              		.syntax unified
   2              		.cpu cortex-m3
   3              		.fpu softvfp
   4              		.eabi_attribute 20, 1
   5              		.eabi_attribute 21, 1
   6              		.eabi_attribute 23, 3
   7              		.eabi_attribute 24, 1
   8              		.eabi_attribute 25, 1
   9              		.eabi_attribute 26, 1
  10              		.eabi_attribute 30, 1
  11              		.eabi_attribute 34, 1
  12              		.eabi_attribute 18, 4
  13              		.thumb
  14              		.syntax unified
  15              		.file	"main.c"
  16              		.text
  17              	.Ltext0:
  18              		.cfi_sections	.debug_frame
  19              		.section	.text.ISR_CAN_1,"ax",%progbits
  20              		.align	2
  21              		.global	ISR_CAN_1
  22              		.thumb
  23              		.thumb_func
  24              		.type	ISR_CAN_1, %function
  25              	ISR_CAN_1:
  26              	.LFB65:
  27              		.file 1 "main.c"
   1:main.c        **** /* ========================================
   2:main.c        ****  *
   3:main.c        ****  * Copyright YOUR COMPANY, THE YEAR
   4:main.c        ****  * All Rights Reserved
   5:main.c        ****  * UNPUBLISHED, LICENSED SOFTWARE.
   6:main.c        ****  *
   7:main.c        ****  * CONFIDENTIAL AND PROPRIETARY INFORMATION
   8:main.c        ****  * WHICH IS THE PROPERTY OF your company.
   9:main.c        ****  *
  10:main.c        ****  * ========================================
  11:main.c        **** */
  12:main.c        **** #include "project.h"
  13:main.c        **** #include <stdio.h>
  14:main.c        **** 
  15:main.c        **** #define Tx_Data_MESSAGE_ID              (0x001u)
  16:main.c        **** #define Tx_Data_MESSAGE_IDE             (0u)    /* Standard message */
  17:main.c        **** #define Tx_Data_MESSAGE_IRQ             (0u)    /* No transmit IRQ */
  18:main.c        **** #define Tx_Data_MESSAGE_RTR             (0u)    /* No RTR */
  19:main.c        **** 
  20:main.c        **** CY_ISR_PROTO(ISR_CAN_1);
  21:main.c        **** 
  22:main.c        **** CAN_1_DATA_BYTES_MSG dataTX;
  23:main.c        **** CAN_1_TX_MSG Tx_Data;
  24:main.c        **** uint8 Rx_Data;
  25:main.c        **** char8 uartbuf[256] = {0};
  26:main.c        **** 
  27:main.c        **** int main()
  28:main.c        **** {   
  29:main.c        ****     /* BASIC CAN mailbox configuration */
  30:main.c        ****     Tx_Data.dlc = CAN_1_TX_DLC_MAX_VALUE;
ARM GAS  C:\Users\KUT-PC\AppData\Local\Temp\ccH67urK.s 			page 2


  31:main.c        ****     Tx_Data.id  = Tx_Data_MESSAGE_ID;
  32:main.c        ****     Tx_Data.ide = Tx_Data_MESSAGE_IDE;
  33:main.c        ****     Tx_Data.irq = Tx_Data_MESSAGE_IRQ;
  34:main.c        ****     Tx_Data.msg = &dataTX;
  35:main.c        ****     Tx_Data.rtr = Tx_Data_MESSAGE_RTR;
  36:main.c        ****     
  37:main.c        ****     CAN_1_Start();
  38:main.c        ****     UART_1_Start();
  39:main.c        ****     
  40:main.c        ****     /* Set CAN interrupt handler to local routine */
  41:main.c        ****     CyIntSetVector(CAN_1_ISR_NUMBER, ISR_CAN_1);
  42:main.c        ****     
  43:main.c        ****     CyGlobalIntEnable;
  44:main.c        **** 
  45:main.c        ****     Rx_Data = 0;
  46:main.c        ****     
  47:main.c        ****     for(;;)
  48:main.c        ****     {
  49:main.c        ****         LED_Write(1);
  50:main.c        ****         dataTX.byte[0u] = 100;
  51:main.c        ****         CAN_1_SendMsg(&Tx_Data);
  52:main.c        ****         CyDelay(50);
  53:main.c        ****         
  54:main.c        ****         Rx_Data = CAN_1_RX_DATA_BYTE1(CAN_1_RX_MAILBOX_0);
  55:main.c        ****         //CyDelay(250);
  56:main.c        ****         
  57:main.c        ****         sprintf(uartbuf,"%d\n",Rx_Data);
  58:main.c        ****         UART_1_PutString(uartbuf);
  59:main.c        ****     }
  60:main.c        **** }
  61:main.c        **** 
  62:main.c        **** CY_ISR(ISR_CAN_1)
  63:main.c        **** {
  28              		.loc 1 63 0
  29              		.cfi_startproc
  30              		@ args = 0, pretend = 0, frame = 0
  31              		@ frame_needed = 0, uses_anonymous_args = 0
  32              		@ link register save eliminated.
  64:main.c        ****     /* Clear Receive Message flag */
  65:main.c        ****     CAN_1_INT_SR_REG.byte[1u] = CAN_1_RX_MESSAGE_MASK;
  33              		.loc 1 65 0
  34 0000 1022     		movs	r2, #16
  35 0002 044B     		ldr	r3, .L2
  36 0004 5A70     		strb	r2, [r3, #1]
  66:main.c        ****     
  67:main.c        ****     /* Acknowledges receipt of new message */
  68:main.c        ****     CAN_1_RX_ACK_MESSAGE(CAN_1_RX_MAILBOX_0);
  37              		.loc 1 68 0
  38 0006 044A     		ldr	r2, .L2+4
  39 0008 1378     		ldrb	r3, [r2]	@ zero_extendqisi2
  40 000a 43F00103 		orr	r3, r3, #1
  41 000e 1370     		strb	r3, [r2]
  42 0010 7047     		bx	lr
  43              	.L3:
  44 0012 00BF     		.align	2
  45              	.L2:
  46 0014 00A00040 		.word	1073782784
ARM GAS  C:\Users\KUT-PC\AppData\Local\Temp\ccH67urK.s 			page 3


  47 0018 A0A00040 		.word	1073782944
  48              		.cfi_endproc
  49              	.LFE65:
  50              		.size	ISR_CAN_1, .-ISR_CAN_1
  51              		.section	.text.main,"ax",%progbits
  52              		.align	2
  53              		.global	main
  54              		.thumb
  55              		.thumb_func
  56              		.type	main, %function
  57              	main:
  58              	.LFB64:
  28:main.c        ****     /* BASIC CAN mailbox configuration */
  59              		.loc 1 28 0
  60              		.cfi_startproc
  61              		@ Volatile: function does not return.
  62              		@ args = 0, pretend = 0, frame = 0
  63              		@ frame_needed = 0, uses_anonymous_args = 0
  64 0000 08B5     		push	{r3, lr}
  65              		.cfi_def_cfa_offset 8
  66              		.cfi_offset 3, -8
  67              		.cfi_offset 14, -4
  30:main.c        ****     Tx_Data.id  = Tx_Data_MESSAGE_ID;
  68              		.loc 1 30 0
  69 0002 184B     		ldr	r3, .L7
  70 0004 0822     		movs	r2, #8
  71 0006 9A71     		strb	r2, [r3, #6]
  31:main.c        ****     Tx_Data.ide = Tx_Data_MESSAGE_IDE;
  72              		.loc 1 31 0
  73 0008 0122     		movs	r2, #1
  74 000a 1A60     		str	r2, [r3]
  32:main.c        ****     Tx_Data.irq = Tx_Data_MESSAGE_IRQ;
  75              		.loc 1 32 0
  76 000c 0024     		movs	r4, #0
  77 000e 5C71     		strb	r4, [r3, #5]
  33:main.c        ****     Tx_Data.msg = &dataTX;
  78              		.loc 1 33 0
  79 0010 DC71     		strb	r4, [r3, #7]
  34:main.c        ****     Tx_Data.rtr = Tx_Data_MESSAGE_RTR;
  80              		.loc 1 34 0
  81 0012 154A     		ldr	r2, .L7+4
  82 0014 9A60     		str	r2, [r3, #8]
  35:main.c        ****     
  83              		.loc 1 35 0
  84 0016 1C71     		strb	r4, [r3, #4]
  37:main.c        ****     UART_1_Start();
  85              		.loc 1 37 0
  86 0018 FFF7FEFF 		bl	CAN_1_Start
  87              	.LVL0:
  38:main.c        ****     
  88              		.loc 1 38 0
  89 001c FFF7FEFF 		bl	UART_1_Start
  90              	.LVL1:
  41:main.c        ****     
  91              		.loc 1 41 0
  92 0020 1249     		ldr	r1, .L7+8
  93 0022 1020     		movs	r0, #16
ARM GAS  C:\Users\KUT-PC\AppData\Local\Temp\ccH67urK.s 			page 4


  94 0024 FFF7FEFF 		bl	CyIntSetVector
  95              	.LVL2:
  43:main.c        **** 
  96              		.loc 1 43 0
  97              		.syntax unified
  98              	@ 43 "main.c" 1
  99 0028 62B6     		CPSIE   i
 100              	@ 0 "" 2
  45:main.c        ****     
 101              		.loc 1 45 0
 102              		.thumb
 103              		.syntax unified
 104 002a 114B     		ldr	r3, .L7+12
 105 002c 1C70     		strb	r4, [r3]
 106              	.L5:
  49:main.c        ****         dataTX.byte[0u] = 100;
 107              		.loc 1 49 0 discriminator 1
 108 002e 0120     		movs	r0, #1
 109 0030 FFF7FEFF 		bl	LED_Write
 110              	.LVL3:
  50:main.c        ****         CAN_1_SendMsg(&Tx_Data);
 111              		.loc 1 50 0 discriminator 1
 112 0034 6422     		movs	r2, #100
 113 0036 0C4B     		ldr	r3, .L7+4
 114 0038 1A70     		strb	r2, [r3]
  51:main.c        ****         CyDelay(50);
 115              		.loc 1 51 0 discriminator 1
 116 003a 0A48     		ldr	r0, .L7
 117 003c FFF7FEFF 		bl	CAN_1_SendMsg
 118              	.LVL4:
  52:main.c        ****         
 119              		.loc 1 52 0 discriminator 1
 120 0040 3220     		movs	r0, #50
 121 0042 FFF7FEFF 		bl	CyDelay
 122              	.LVL5:
  54:main.c        ****         //CyDelay(250);
 123              		.loc 1 54 0 discriminator 1
 124 0046 0B4B     		ldr	r3, .L7+16
 125 0048 DA7A     		ldrb	r2, [r3, #11]	@ zero_extendqisi2
 126 004a D2B2     		uxtb	r2, r2
 127 004c 084B     		ldr	r3, .L7+12
 128 004e 1A70     		strb	r2, [r3]
  57:main.c        ****         UART_1_PutString(uartbuf);
 129              		.loc 1 57 0 discriminator 1
 130 0050 094C     		ldr	r4, .L7+20
 131 0052 0A49     		ldr	r1, .L7+24
 132 0054 2046     		mov	r0, r4
 133 0056 FFF7FEFF 		bl	sprintf
 134              	.LVL6:
  58:main.c        ****     }
 135              		.loc 1 58 0 discriminator 1
 136 005a 2046     		mov	r0, r4
 137 005c FFF7FEFF 		bl	UART_1_PutString
 138              	.LVL7:
 139 0060 E5E7     		b	.L5
 140              	.L8:
 141 0062 00BF     		.align	2
ARM GAS  C:\Users\KUT-PC\AppData\Local\Temp\ccH67urK.s 			page 5


 142              	.L7:
 143 0064 00000000 		.word	Tx_Data
 144 0068 00000000 		.word	dataTX
 145 006c 00000000 		.word	ISR_CAN_1
 146 0070 00000000 		.word	Rx_Data
 147 0074 A0A00040 		.word	1073782944
 148 0078 00000000 		.word	.LANCHOR0
 149 007c 00000000 		.word	.LC0
 150              		.cfi_endproc
 151              	.LFE64:
 152              		.size	main, .-main
 153              		.global	uartbuf
 154              		.comm	Rx_Data,1,1
 155              		.comm	Tx_Data,12,4
 156              		.comm	dataTX,8,4
 157              		.section	.rodata.str1.4,"aMS",%progbits,1
 158              		.align	2
 159              	.LC0:
 160 0000 25640A00 		.ascii	"%d\012\000"
 161              		.bss
 162              		.align	2
 163              		.set	.LANCHOR0,. + 0
 164              		.type	uartbuf, %object
 165              		.size	uartbuf, 256
 166              	uartbuf:
 167 0000 00000000 		.space	256
 167      00000000 
 167      00000000 
 167      00000000 
 167      00000000 
 168              		.text
 169              	.Letext0:
 170              		.file 2 "c:\\program files (x86)\\cypress\\psoc creator\\4.2\\psoc creator\\import\\gnu\\arm\\5.4.
 171              		.file 3 "c:\\program files (x86)\\cypress\\psoc creator\\4.2\\psoc creator\\import\\gnu\\arm\\5.4.
 172              		.file 4 "Generated_Source\\PSoC5/cytypes.h"
 173              		.file 5 "Generated_Source\\PSoC5/CAN_1.h"
 174              		.file 6 "Generated_Source\\PSoC5/core_cm3.h"
 175              		.file 7 "Generated_Source\\PSoC5/UART_1.h"
 176              		.file 8 "Generated_Source\\PSoC5/CyLib.h"
 177              		.file 9 "Generated_Source\\PSoC5/LED.h"
 178              		.file 10 "c:\\program files (x86)\\cypress\\psoc creator\\4.2\\psoc creator\\import\\gnu\\arm\\5.4
 179              		.section	.debug_info,"",%progbits
 180              	.Ldebug_info0:
 181 0000 BB030000 		.4byte	0x3bb
 182 0004 0400     		.2byte	0x4
 183 0006 00000000 		.4byte	.Ldebug_abbrev0
 184 000a 04       		.byte	0x4
 185 000b 01       		.uleb128 0x1
 186 000c AB000000 		.4byte	.LASF46
 187 0010 0C       		.byte	0xc
 188 0011 15020000 		.4byte	.LASF47
 189 0015 36020000 		.4byte	.LASF48
 190 0019 00000000 		.4byte	.Ldebug_ranges0+0
 191 001d 00000000 		.4byte	0
 192 0021 00000000 		.4byte	.Ldebug_line0
 193 0025 02       		.uleb128 0x2
 194 0026 01       		.byte	0x1
ARM GAS  C:\Users\KUT-PC\AppData\Local\Temp\ccH67urK.s 			page 6


 195 0027 06       		.byte	0x6
 196 0028 9B020000 		.4byte	.LASF0
 197 002c 02       		.uleb128 0x2
 198 002d 01       		.byte	0x1
 199 002e 08       		.byte	0x8
 200 002f 9D000000 		.4byte	.LASF1
 201 0033 02       		.uleb128 0x2
 202 0034 02       		.byte	0x2
 203 0035 05       		.byte	0x5
 204 0036 7C010000 		.4byte	.LASF2
 205 003a 02       		.uleb128 0x2
 206 003b 02       		.byte	0x2
 207 003c 07       		.byte	0x7
 208 003d 50010000 		.4byte	.LASF3
 209 0041 03       		.uleb128 0x3
 210 0042 54000000 		.4byte	.LASF9
 211 0046 02       		.byte	0x2
 212 0047 3F       		.byte	0x3f
 213 0048 4C000000 		.4byte	0x4c
 214 004c 02       		.uleb128 0x2
 215 004d 04       		.byte	0x4
 216 004e 05       		.byte	0x5
 217 004f 5E000000 		.4byte	.LASF4
 218 0053 02       		.uleb128 0x2
 219 0054 04       		.byte	0x4
 220 0055 07       		.byte	0x7
 221 0056 3E010000 		.4byte	.LASF5
 222 005a 02       		.uleb128 0x2
 223 005b 08       		.byte	0x8
 224 005c 05       		.byte	0x5
 225 005d 00000000 		.4byte	.LASF6
 226 0061 02       		.uleb128 0x2
 227 0062 08       		.byte	0x8
 228 0063 07       		.byte	0x7
 229 0064 C7010000 		.4byte	.LASF7
 230 0068 04       		.uleb128 0x4
 231 0069 04       		.byte	0x4
 232 006a 05       		.byte	0x5
 233 006b 696E7400 		.ascii	"int\000"
 234 006f 02       		.uleb128 0x2
 235 0070 04       		.byte	0x4
 236 0071 07       		.byte	0x7
 237 0072 BA010000 		.4byte	.LASF8
 238 0076 03       		.uleb128 0x3
 239 0077 EE010000 		.4byte	.LASF10
 240 007b 03       		.byte	0x3
 241 007c 2C       		.byte	0x2c
 242 007d 41000000 		.4byte	0x41
 243 0081 05       		.uleb128 0x5
 244 0082 7D020000 		.4byte	.LASF11
 245 0086 04       		.byte	0x4
 246 0087 E401     		.2byte	0x1e4
 247 0089 2C000000 		.4byte	0x2c
 248 008d 05       		.uleb128 0x5
 249 008e 9F010000 		.4byte	.LASF12
 250 0092 04       		.byte	0x4
 251 0093 E601     		.2byte	0x1e6
ARM GAS  C:\Users\KUT-PC\AppData\Local\Temp\ccH67urK.s 			page 7


 252 0095 53000000 		.4byte	0x53
 253 0099 02       		.uleb128 0x2
 254 009a 04       		.byte	0x4
 255 009b 04       		.byte	0x4
 256 009c 97000000 		.4byte	.LASF13
 257 00a0 02       		.uleb128 0x2
 258 00a1 08       		.byte	0x8
 259 00a2 04       		.byte	0x4
 260 00a3 75010000 		.4byte	.LASF14
 261 00a7 05       		.uleb128 0x5
 262 00a8 3A000000 		.4byte	.LASF15
 263 00ac 04       		.byte	0x4
 264 00ad F501     		.2byte	0x1f5
 265 00af B3000000 		.4byte	0xb3
 266 00b3 02       		.uleb128 0x2
 267 00b4 01       		.byte	0x1
 268 00b5 08       		.byte	0x8
 269 00b6 1C020000 		.4byte	.LASF16
 270 00ba 05       		.uleb128 0x5
 271 00bb 39010000 		.4byte	.LASF17
 272 00bf 04       		.byte	0x4
 273 00c0 8E02     		.2byte	0x28e
 274 00c2 C6000000 		.4byte	0xc6
 275 00c6 06       		.uleb128 0x6
 276 00c7 81000000 		.4byte	0x81
 277 00cb 02       		.uleb128 0x2
 278 00cc 08       		.byte	0x8
 279 00cd 04       		.byte	0x4
 280 00ce 83020000 		.4byte	.LASF18
 281 00d2 02       		.uleb128 0x2
 282 00d3 04       		.byte	0x4
 283 00d4 07       		.byte	0x7
 284 00d5 05020000 		.4byte	.LASF19
 285 00d9 07       		.uleb128 0x7
 286 00da 08       		.byte	0x8
 287 00db 05       		.byte	0x5
 288 00dc 6F       		.byte	0x6f
 289 00dd EE000000 		.4byte	0xee
 290 00e1 08       		.uleb128 0x8
 291 00e2 74000000 		.4byte	.LASF21
 292 00e6 05       		.byte	0x5
 293 00e7 71       		.byte	0x71
 294 00e8 EE000000 		.4byte	0xee
 295 00ec 00       		.byte	0
 296 00ed 00       		.byte	0
 297 00ee 09       		.uleb128 0x9
 298 00ef 81000000 		.4byte	0x81
 299 00f3 FE000000 		.4byte	0xfe
 300 00f7 0A       		.uleb128 0xa
 301 00f8 D2000000 		.4byte	0xd2
 302 00fc 07       		.byte	0x7
 303 00fd 00       		.byte	0
 304 00fe 03       		.uleb128 0x3
 305 00ff 21020000 		.4byte	.LASF20
 306 0103 05       		.byte	0x5
 307 0104 72       		.byte	0x72
 308 0105 D9000000 		.4byte	0xd9
ARM GAS  C:\Users\KUT-PC\AppData\Local\Temp\ccH67urK.s 			page 8


 309 0109 07       		.uleb128 0x7
 310 010a 08       		.byte	0x8
 311 010b 05       		.byte	0x5
 312 010c 75       		.byte	0x75
 313 010d 1E010000 		.4byte	0x11e
 314 0111 08       		.uleb128 0x8
 315 0112 74000000 		.4byte	.LASF21
 316 0116 05       		.byte	0x5
 317 0117 77       		.byte	0x77
 318 0118 2E010000 		.4byte	0x12e
 319 011c 00       		.byte	0
 320 011d 00       		.byte	0
 321 011e 09       		.uleb128 0x9
 322 011f BA000000 		.4byte	0xba
 323 0123 2E010000 		.4byte	0x12e
 324 0127 0A       		.uleb128 0xa
 325 0128 D2000000 		.4byte	0xd2
 326 012c 07       		.byte	0x7
 327 012d 00       		.byte	0
 328 012e 06       		.uleb128 0x6
 329 012f 1E010000 		.4byte	0x11e
 330 0133 03       		.uleb128 0x3
 331 0134 8E010000 		.4byte	.LASF22
 332 0138 05       		.byte	0x5
 333 0139 78       		.byte	0x78
 334 013a 09010000 		.4byte	0x109
 335 013e 07       		.uleb128 0x7
 336 013f 04       		.byte	0x4
 337 0140 05       		.byte	0x5
 338 0141 7B       		.byte	0x7b
 339 0142 53010000 		.4byte	0x153
 340 0146 08       		.uleb128 0x8
 341 0147 74000000 		.4byte	.LASF21
 342 014b 05       		.byte	0x5
 343 014c 7D       		.byte	0x7d
 344 014d 63010000 		.4byte	0x163
 345 0151 00       		.byte	0
 346 0152 00       		.byte	0
 347 0153 09       		.uleb128 0x9
 348 0154 BA000000 		.4byte	0xba
 349 0158 63010000 		.4byte	0x163
 350 015c 0A       		.uleb128 0xa
 351 015d D2000000 		.4byte	0xd2
 352 0161 03       		.byte	0x3
 353 0162 00       		.byte	0
 354 0163 06       		.uleb128 0x6
 355 0164 53010000 		.4byte	0x153
 356 0168 03       		.uleb128 0x3
 357 0169 0E000000 		.4byte	.LASF23
 358 016d 05       		.byte	0x5
 359 016e 7E       		.byte	0x7e
 360 016f 3E010000 		.4byte	0x13e
 361 0173 07       		.uleb128 0x7
 362 0174 0C       		.byte	0xc
 363 0175 05       		.byte	0x5
 364 0176 81       		.byte	0x81
 365 0177 C3010000 		.4byte	0x1c3
ARM GAS  C:\Users\KUT-PC\AppData\Local\Temp\ccH67urK.s 			page 9


 366 017b 0B       		.uleb128 0xb
 367 017c 696400   		.ascii	"id\000"
 368 017f 05       		.byte	0x5
 369 0180 83       		.byte	0x83
 370 0181 8D000000 		.4byte	0x8d
 371 0185 00       		.byte	0
 372 0186 0B       		.uleb128 0xb
 373 0187 72747200 		.ascii	"rtr\000"
 374 018b 05       		.byte	0x5
 375 018c 84       		.byte	0x84
 376 018d 81000000 		.4byte	0x81
 377 0191 04       		.byte	0x4
 378 0192 0B       		.uleb128 0xb
 379 0193 69646500 		.ascii	"ide\000"
 380 0197 05       		.byte	0x5
 381 0198 85       		.byte	0x85
 382 0199 81000000 		.4byte	0x81
 383 019d 05       		.byte	0x5
 384 019e 0B       		.uleb128 0xb
 385 019f 646C6300 		.ascii	"dlc\000"
 386 01a3 05       		.byte	0x5
 387 01a4 86       		.byte	0x86
 388 01a5 81000000 		.4byte	0x81
 389 01a9 06       		.byte	0x6
 390 01aa 0B       		.uleb128 0xb
 391 01ab 69727100 		.ascii	"irq\000"
 392 01af 05       		.byte	0x5
 393 01b0 87       		.byte	0x87
 394 01b1 81000000 		.4byte	0x81
 395 01b5 07       		.byte	0x7
 396 01b6 0B       		.uleb128 0xb
 397 01b7 6D736700 		.ascii	"msg\000"
 398 01bb 05       		.byte	0x5
 399 01bc 8B       		.byte	0x8b
 400 01bd C3010000 		.4byte	0x1c3
 401 01c1 08       		.byte	0x8
 402 01c2 00       		.byte	0
 403 01c3 0C       		.uleb128 0xc
 404 01c4 04       		.byte	0x4
 405 01c5 FE000000 		.4byte	0xfe
 406 01c9 03       		.uleb128 0x3
 407 01ca 67000000 		.4byte	.LASF24
 408 01ce 05       		.byte	0x5
 409 01cf 8C       		.byte	0x8c
 410 01d0 73010000 		.4byte	0x173
 411 01d4 07       		.uleb128 0x7
 412 01d5 20       		.byte	0x20
 413 01d6 05       		.byte	0x5
 414 01d7 A0       		.byte	0xa0
 415 01d8 31020000 		.4byte	0x231
 416 01dc 08       		.uleb128 0x8
 417 01dd DE010000 		.4byte	.LASF25
 418 01e1 05       		.byte	0x5
 419 01e2 A2       		.byte	0xa2
 420 01e3 68010000 		.4byte	0x168
 421 01e7 00       		.byte	0
 422 01e8 08       		.uleb128 0x8
ARM GAS  C:\Users\KUT-PC\AppData\Local\Temp\ccH67urK.s 			page 10


 423 01e9 70010000 		.4byte	.LASF26
 424 01ed 05       		.byte	0x5
 425 01ee A3       		.byte	0xa3
 426 01ef 68010000 		.4byte	0x168
 427 01f3 04       		.byte	0x4
 428 01f4 08       		.uleb128 0x8
 429 01f5 79000000 		.4byte	.LASF27
 430 01f9 05       		.byte	0x5
 431 01fa A4       		.byte	0xa4
 432 01fb 33010000 		.4byte	0x133
 433 01ff 08       		.byte	0x8
 434 0200 08       		.uleb128 0x8
 435 0201 4E000000 		.4byte	.LASF28
 436 0205 05       		.byte	0x5
 437 0206 A5       		.byte	0xa5
 438 0207 68010000 		.4byte	0x168
 439 020b 10       		.byte	0x10
 440 020c 08       		.uleb128 0x8
 441 020d 77020000 		.4byte	.LASF29
 442 0211 05       		.byte	0x5
 443 0212 A6       		.byte	0xa6
 444 0213 68010000 		.4byte	0x168
 445 0217 14       		.byte	0x14
 446 0218 08       		.uleb128 0x8
 447 0219 FE010000 		.4byte	.LASF30
 448 021d 05       		.byte	0x5
 449 021e A7       		.byte	0xa7
 450 021f 68010000 		.4byte	0x168
 451 0223 18       		.byte	0x18
 452 0224 08       		.uleb128 0x8
 453 0225 90000000 		.4byte	.LASF31
 454 0229 05       		.byte	0x5
 455 022a A8       		.byte	0xa8
 456 022b 68010000 		.4byte	0x168
 457 022f 1C       		.byte	0x1c
 458 0230 00       		.byte	0
 459 0231 03       		.uleb128 0x3
 460 0232 80000000 		.4byte	.LASF32
 461 0236 05       		.byte	0x5
 462 0237 A9       		.byte	0xa9
 463 0238 D4010000 		.4byte	0x1d4
 464 023c 0D       		.uleb128 0xd
 465 023d E4010000 		.4byte	.LASF49
 466 0241 01       		.byte	0x1
 467 0242 3E       		.byte	0x3e
 468 0243 00000000 		.4byte	.LFB65
 469 0247 1C000000 		.4byte	.LFE65-.LFB65
 470 024b 01       		.uleb128 0x1
 471 024c 9C       		.byte	0x9c
 472 024d 0E       		.uleb128 0xe
 473 024e A6010000 		.4byte	.LASF50
 474 0252 01       		.byte	0x1
 475 0253 1B       		.byte	0x1b
 476 0254 68000000 		.4byte	0x68
 477 0258 00000000 		.4byte	.LFB64
 478 025c 80000000 		.4byte	.LFE64-.LFB64
 479 0260 01       		.uleb128 0x1
ARM GAS  C:\Users\KUT-PC\AppData\Local\Temp\ccH67urK.s 			page 11


 480 0261 9C       		.byte	0x9c
 481 0262 00030000 		.4byte	0x300
 482 0266 0F       		.uleb128 0xf
 483 0267 1C000000 		.4byte	.LVL0
 484 026b 65030000 		.4byte	0x365
 485 026f 0F       		.uleb128 0xf
 486 0270 20000000 		.4byte	.LVL1
 487 0274 70030000 		.4byte	0x370
 488 0278 10       		.uleb128 0x10
 489 0279 28000000 		.4byte	.LVL2
 490 027d 7B030000 		.4byte	0x37b
 491 0281 94020000 		.4byte	0x294
 492 0285 11       		.uleb128 0x11
 493 0286 01       		.uleb128 0x1
 494 0287 50       		.byte	0x50
 495 0288 01       		.uleb128 0x1
 496 0289 40       		.byte	0x40
 497 028a 11       		.uleb128 0x11
 498 028b 01       		.uleb128 0x1
 499 028c 51       		.byte	0x51
 500 028d 05       		.uleb128 0x5
 501 028e 03       		.byte	0x3
 502 028f 00000000 		.4byte	ISR_CAN_1
 503 0293 00       		.byte	0
 504 0294 10       		.uleb128 0x10
 505 0295 34000000 		.4byte	.LVL3
 506 0299 86030000 		.4byte	0x386
 507 029d A7020000 		.4byte	0x2a7
 508 02a1 11       		.uleb128 0x11
 509 02a2 01       		.uleb128 0x1
 510 02a3 50       		.byte	0x50
 511 02a4 01       		.uleb128 0x1
 512 02a5 31       		.byte	0x31
 513 02a6 00       		.byte	0
 514 02a7 10       		.uleb128 0x10
 515 02a8 40000000 		.4byte	.LVL4
 516 02ac 91030000 		.4byte	0x391
 517 02b0 BE020000 		.4byte	0x2be
 518 02b4 11       		.uleb128 0x11
 519 02b5 01       		.uleb128 0x1
 520 02b6 50       		.byte	0x50
 521 02b7 05       		.uleb128 0x5
 522 02b8 03       		.byte	0x3
 523 02b9 00000000 		.4byte	Tx_Data
 524 02bd 00       		.byte	0
 525 02be 10       		.uleb128 0x10
 526 02bf 46000000 		.4byte	.LVL5
 527 02c3 9D030000 		.4byte	0x39d
 528 02c7 D2020000 		.4byte	0x2d2
 529 02cb 11       		.uleb128 0x11
 530 02cc 01       		.uleb128 0x1
 531 02cd 50       		.byte	0x50
 532 02ce 02       		.uleb128 0x2
 533 02cf 08       		.byte	0x8
 534 02d0 32       		.byte	0x32
 535 02d1 00       		.byte	0
 536 02d2 10       		.uleb128 0x10
ARM GAS  C:\Users\KUT-PC\AppData\Local\Temp\ccH67urK.s 			page 12


 537 02d3 5A000000 		.4byte	.LVL6
 538 02d7 A8030000 		.4byte	0x3a8
 539 02db EF020000 		.4byte	0x2ef
 540 02df 11       		.uleb128 0x11
 541 02e0 01       		.uleb128 0x1
 542 02e1 50       		.byte	0x50
 543 02e2 02       		.uleb128 0x2
 544 02e3 74       		.byte	0x74
 545 02e4 00       		.sleb128 0
 546 02e5 11       		.uleb128 0x11
 547 02e6 01       		.uleb128 0x1
 548 02e7 51       		.byte	0x51
 549 02e8 05       		.uleb128 0x5
 550 02e9 03       		.byte	0x3
 551 02ea 00000000 		.4byte	.LC0
 552 02ee 00       		.byte	0
 553 02ef 12       		.uleb128 0x12
 554 02f0 60000000 		.4byte	.LVL7
 555 02f4 B3030000 		.4byte	0x3b3
 556 02f8 11       		.uleb128 0x11
 557 02f9 01       		.uleb128 0x1
 558 02fa 50       		.byte	0x50
 559 02fb 02       		.uleb128 0x2
 560 02fc 74       		.byte	0x74
 561 02fd 00       		.sleb128 0
 562 02fe 00       		.byte	0
 563 02ff 00       		.byte	0
 564 0300 13       		.uleb128 0x13
 565 0301 63010000 		.4byte	.LASF33
 566 0305 06       		.byte	0x6
 567 0306 1207     		.2byte	0x712
 568 0308 0C030000 		.4byte	0x30c
 569 030c 06       		.uleb128 0x6
 570 030d 76000000 		.4byte	0x76
 571 0311 14       		.uleb128 0x14
 572 0312 0E020000 		.4byte	.LASF34
 573 0316 01       		.byte	0x1
 574 0317 16       		.byte	0x16
 575 0318 FE000000 		.4byte	0xfe
 576 031c 05       		.uleb128 0x5
 577 031d 03       		.byte	0x3
 578 031e 00000000 		.4byte	dataTX
 579 0322 14       		.uleb128 0x14
 580 0323 F6010000 		.4byte	.LASF35
 581 0327 01       		.byte	0x1
 582 0328 17       		.byte	0x17
 583 0329 C9010000 		.4byte	0x1c9
 584 032d 05       		.uleb128 0x5
 585 032e 03       		.byte	0x3
 586 032f 00000000 		.4byte	Tx_Data
 587 0333 14       		.uleb128 0x14
 588 0334 86010000 		.4byte	.LASF36
 589 0338 01       		.byte	0x1
 590 0339 18       		.byte	0x18
 591 033a 81000000 		.4byte	0x81
 592 033e 05       		.uleb128 0x5
 593 033f 03       		.byte	0x3
ARM GAS  C:\Users\KUT-PC\AppData\Local\Temp\ccH67urK.s 			page 13


 594 0340 00000000 		.4byte	Rx_Data
 595 0344 09       		.uleb128 0x9
 596 0345 A7000000 		.4byte	0xa7
 597 0349 54030000 		.4byte	0x354
 598 034d 0A       		.uleb128 0xa
 599 034e D2000000 		.4byte	0xd2
 600 0352 FF       		.byte	0xff
 601 0353 00       		.byte	0
 602 0354 14       		.uleb128 0x14
 603 0355 28000000 		.4byte	.LASF37
 604 0359 01       		.byte	0x1
 605 035a 19       		.byte	0x19
 606 035b 44030000 		.4byte	0x344
 607 035f 05       		.uleb128 0x5
 608 0360 03       		.byte	0x3
 609 0361 00000000 		.4byte	uartbuf
 610 0365 15       		.uleb128 0x15
 611 0366 8F020000 		.4byte	.LASF38
 612 036a 8F020000 		.4byte	.LASF38
 613 036e 05       		.byte	0x5
 614 036f C5       		.byte	0xc5
 615 0370 15       		.uleb128 0x15
 616 0371 1B000000 		.4byte	.LASF39
 617 0375 1B000000 		.4byte	.LASF39
 618 0379 07       		.byte	0x7
 619 037a 54       		.byte	0x54
 620 037b 15       		.uleb128 0x15
 621 037c AB010000 		.4byte	.LASF40
 622 0380 AB010000 		.4byte	.LASF40
 623 0384 08       		.byte	0x8
 624 0385 88       		.byte	0x88
 625 0386 15       		.uleb128 0x15
 626 0387 30000000 		.4byte	.LASF41
 627 038b 30000000 		.4byte	.LASF41
 628 038f 09       		.byte	0x9
 629 0390 26       		.byte	0x26
 630 0391 16       		.uleb128 0x16
 631 0392 40000000 		.4byte	.LASF42
 632 0396 40000000 		.4byte	.LASF42
 633 039a 05       		.byte	0x5
 634 039b 1801     		.2byte	0x118
 635 039d 15       		.uleb128 0x15
 636 039e C0020000 		.4byte	.LASF43
 637 03a2 C0020000 		.4byte	.LASF43
 638 03a6 08       		.byte	0x8
 639 03a7 76       		.byte	0x76
 640 03a8 15       		.uleb128 0x15
 641 03a9 B8020000 		.4byte	.LASF44
 642 03ad B8020000 		.4byte	.LASF44
 643 03b1 0A       		.byte	0xa
 644 03b2 E7       		.byte	0xe7
 645 03b3 15       		.uleb128 0x15
 646 03b4 A7020000 		.4byte	.LASF45
 647 03b8 A7020000 		.4byte	.LASF45
 648 03bc 07       		.byte	0x7
 649 03bd 8B       		.byte	0x8b
 650 03be 00       		.byte	0
ARM GAS  C:\Users\KUT-PC\AppData\Local\Temp\ccH67urK.s 			page 14


 651              		.section	.debug_abbrev,"",%progbits
 652              	.Ldebug_abbrev0:
 653 0000 01       		.uleb128 0x1
 654 0001 11       		.uleb128 0x11
 655 0002 01       		.byte	0x1
 656 0003 25       		.uleb128 0x25
 657 0004 0E       		.uleb128 0xe
 658 0005 13       		.uleb128 0x13
 659 0006 0B       		.uleb128 0xb
 660 0007 03       		.uleb128 0x3
 661 0008 0E       		.uleb128 0xe
 662 0009 1B       		.uleb128 0x1b
 663 000a 0E       		.uleb128 0xe
 664 000b 55       		.uleb128 0x55
 665 000c 17       		.uleb128 0x17
 666 000d 11       		.uleb128 0x11
 667 000e 01       		.uleb128 0x1
 668 000f 10       		.uleb128 0x10
 669 0010 17       		.uleb128 0x17
 670 0011 00       		.byte	0
 671 0012 00       		.byte	0
 672 0013 02       		.uleb128 0x2
 673 0014 24       		.uleb128 0x24
 674 0015 00       		.byte	0
 675 0016 0B       		.uleb128 0xb
 676 0017 0B       		.uleb128 0xb
 677 0018 3E       		.uleb128 0x3e
 678 0019 0B       		.uleb128 0xb
 679 001a 03       		.uleb128 0x3
 680 001b 0E       		.uleb128 0xe
 681 001c 00       		.byte	0
 682 001d 00       		.byte	0
 683 001e 03       		.uleb128 0x3
 684 001f 16       		.uleb128 0x16
 685 0020 00       		.byte	0
 686 0021 03       		.uleb128 0x3
 687 0022 0E       		.uleb128 0xe
 688 0023 3A       		.uleb128 0x3a
 689 0024 0B       		.uleb128 0xb
 690 0025 3B       		.uleb128 0x3b
 691 0026 0B       		.uleb128 0xb
 692 0027 49       		.uleb128 0x49
 693 0028 13       		.uleb128 0x13
 694 0029 00       		.byte	0
 695 002a 00       		.byte	0
 696 002b 04       		.uleb128 0x4
 697 002c 24       		.uleb128 0x24
 698 002d 00       		.byte	0
 699 002e 0B       		.uleb128 0xb
 700 002f 0B       		.uleb128 0xb
 701 0030 3E       		.uleb128 0x3e
 702 0031 0B       		.uleb128 0xb
 703 0032 03       		.uleb128 0x3
 704 0033 08       		.uleb128 0x8
 705 0034 00       		.byte	0
 706 0035 00       		.byte	0
 707 0036 05       		.uleb128 0x5
ARM GAS  C:\Users\KUT-PC\AppData\Local\Temp\ccH67urK.s 			page 15


 708 0037 16       		.uleb128 0x16
 709 0038 00       		.byte	0
 710 0039 03       		.uleb128 0x3
 711 003a 0E       		.uleb128 0xe
 712 003b 3A       		.uleb128 0x3a
 713 003c 0B       		.uleb128 0xb
 714 003d 3B       		.uleb128 0x3b
 715 003e 05       		.uleb128 0x5
 716 003f 49       		.uleb128 0x49
 717 0040 13       		.uleb128 0x13
 718 0041 00       		.byte	0
 719 0042 00       		.byte	0
 720 0043 06       		.uleb128 0x6
 721 0044 35       		.uleb128 0x35
 722 0045 00       		.byte	0
 723 0046 49       		.uleb128 0x49
 724 0047 13       		.uleb128 0x13
 725 0048 00       		.byte	0
 726 0049 00       		.byte	0
 727 004a 07       		.uleb128 0x7
 728 004b 13       		.uleb128 0x13
 729 004c 01       		.byte	0x1
 730 004d 0B       		.uleb128 0xb
 731 004e 0B       		.uleb128 0xb
 732 004f 3A       		.uleb128 0x3a
 733 0050 0B       		.uleb128 0xb
 734 0051 3B       		.uleb128 0x3b
 735 0052 0B       		.uleb128 0xb
 736 0053 01       		.uleb128 0x1
 737 0054 13       		.uleb128 0x13
 738 0055 00       		.byte	0
 739 0056 00       		.byte	0
 740 0057 08       		.uleb128 0x8
 741 0058 0D       		.uleb128 0xd
 742 0059 00       		.byte	0
 743 005a 03       		.uleb128 0x3
 744 005b 0E       		.uleb128 0xe
 745 005c 3A       		.uleb128 0x3a
 746 005d 0B       		.uleb128 0xb
 747 005e 3B       		.uleb128 0x3b
 748 005f 0B       		.uleb128 0xb
 749 0060 49       		.uleb128 0x49
 750 0061 13       		.uleb128 0x13
 751 0062 38       		.uleb128 0x38
 752 0063 0B       		.uleb128 0xb
 753 0064 00       		.byte	0
 754 0065 00       		.byte	0
 755 0066 09       		.uleb128 0x9
 756 0067 01       		.uleb128 0x1
 757 0068 01       		.byte	0x1
 758 0069 49       		.uleb128 0x49
 759 006a 13       		.uleb128 0x13
 760 006b 01       		.uleb128 0x1
 761 006c 13       		.uleb128 0x13
 762 006d 00       		.byte	0
 763 006e 00       		.byte	0
 764 006f 0A       		.uleb128 0xa
ARM GAS  C:\Users\KUT-PC\AppData\Local\Temp\ccH67urK.s 			page 16


 765 0070 21       		.uleb128 0x21
 766 0071 00       		.byte	0
 767 0072 49       		.uleb128 0x49
 768 0073 13       		.uleb128 0x13
 769 0074 2F       		.uleb128 0x2f
 770 0075 0B       		.uleb128 0xb
 771 0076 00       		.byte	0
 772 0077 00       		.byte	0
 773 0078 0B       		.uleb128 0xb
 774 0079 0D       		.uleb128 0xd
 775 007a 00       		.byte	0
 776 007b 03       		.uleb128 0x3
 777 007c 08       		.uleb128 0x8
 778 007d 3A       		.uleb128 0x3a
 779 007e 0B       		.uleb128 0xb
 780 007f 3B       		.uleb128 0x3b
 781 0080 0B       		.uleb128 0xb
 782 0081 49       		.uleb128 0x49
 783 0082 13       		.uleb128 0x13
 784 0083 38       		.uleb128 0x38
 785 0084 0B       		.uleb128 0xb
 786 0085 00       		.byte	0
 787 0086 00       		.byte	0
 788 0087 0C       		.uleb128 0xc
 789 0088 0F       		.uleb128 0xf
 790 0089 00       		.byte	0
 791 008a 0B       		.uleb128 0xb
 792 008b 0B       		.uleb128 0xb
 793 008c 49       		.uleb128 0x49
 794 008d 13       		.uleb128 0x13
 795 008e 00       		.byte	0
 796 008f 00       		.byte	0
 797 0090 0D       		.uleb128 0xd
 798 0091 2E       		.uleb128 0x2e
 799 0092 00       		.byte	0
 800 0093 3F       		.uleb128 0x3f
 801 0094 19       		.uleb128 0x19
 802 0095 03       		.uleb128 0x3
 803 0096 0E       		.uleb128 0xe
 804 0097 3A       		.uleb128 0x3a
 805 0098 0B       		.uleb128 0xb
 806 0099 3B       		.uleb128 0x3b
 807 009a 0B       		.uleb128 0xb
 808 009b 27       		.uleb128 0x27
 809 009c 19       		.uleb128 0x19
 810 009d 11       		.uleb128 0x11
 811 009e 01       		.uleb128 0x1
 812 009f 12       		.uleb128 0x12
 813 00a0 06       		.uleb128 0x6
 814 00a1 40       		.uleb128 0x40
 815 00a2 18       		.uleb128 0x18
 816 00a3 9742     		.uleb128 0x2117
 817 00a5 19       		.uleb128 0x19
 818 00a6 00       		.byte	0
 819 00a7 00       		.byte	0
 820 00a8 0E       		.uleb128 0xe
 821 00a9 2E       		.uleb128 0x2e
ARM GAS  C:\Users\KUT-PC\AppData\Local\Temp\ccH67urK.s 			page 17


 822 00aa 01       		.byte	0x1
 823 00ab 3F       		.uleb128 0x3f
 824 00ac 19       		.uleb128 0x19
 825 00ad 03       		.uleb128 0x3
 826 00ae 0E       		.uleb128 0xe
 827 00af 3A       		.uleb128 0x3a
 828 00b0 0B       		.uleb128 0xb
 829 00b1 3B       		.uleb128 0x3b
 830 00b2 0B       		.uleb128 0xb
 831 00b3 49       		.uleb128 0x49
 832 00b4 13       		.uleb128 0x13
 833 00b5 8701     		.uleb128 0x87
 834 00b7 19       		.uleb128 0x19
 835 00b8 11       		.uleb128 0x11
 836 00b9 01       		.uleb128 0x1
 837 00ba 12       		.uleb128 0x12
 838 00bb 06       		.uleb128 0x6
 839 00bc 40       		.uleb128 0x40
 840 00bd 18       		.uleb128 0x18
 841 00be 9742     		.uleb128 0x2117
 842 00c0 19       		.uleb128 0x19
 843 00c1 01       		.uleb128 0x1
 844 00c2 13       		.uleb128 0x13
 845 00c3 00       		.byte	0
 846 00c4 00       		.byte	0
 847 00c5 0F       		.uleb128 0xf
 848 00c6 898201   		.uleb128 0x4109
 849 00c9 00       		.byte	0
 850 00ca 11       		.uleb128 0x11
 851 00cb 01       		.uleb128 0x1
 852 00cc 31       		.uleb128 0x31
 853 00cd 13       		.uleb128 0x13
 854 00ce 00       		.byte	0
 855 00cf 00       		.byte	0
 856 00d0 10       		.uleb128 0x10
 857 00d1 898201   		.uleb128 0x4109
 858 00d4 01       		.byte	0x1
 859 00d5 11       		.uleb128 0x11
 860 00d6 01       		.uleb128 0x1
 861 00d7 31       		.uleb128 0x31
 862 00d8 13       		.uleb128 0x13
 863 00d9 01       		.uleb128 0x1
 864 00da 13       		.uleb128 0x13
 865 00db 00       		.byte	0
 866 00dc 00       		.byte	0
 867 00dd 11       		.uleb128 0x11
 868 00de 8A8201   		.uleb128 0x410a
 869 00e1 00       		.byte	0
 870 00e2 02       		.uleb128 0x2
 871 00e3 18       		.uleb128 0x18
 872 00e4 9142     		.uleb128 0x2111
 873 00e6 18       		.uleb128 0x18
 874 00e7 00       		.byte	0
 875 00e8 00       		.byte	0
 876 00e9 12       		.uleb128 0x12
 877 00ea 898201   		.uleb128 0x4109
 878 00ed 01       		.byte	0x1
ARM GAS  C:\Users\KUT-PC\AppData\Local\Temp\ccH67urK.s 			page 18


 879 00ee 11       		.uleb128 0x11
 880 00ef 01       		.uleb128 0x1
 881 00f0 31       		.uleb128 0x31
 882 00f1 13       		.uleb128 0x13
 883 00f2 00       		.byte	0
 884 00f3 00       		.byte	0
 885 00f4 13       		.uleb128 0x13
 886 00f5 34       		.uleb128 0x34
 887 00f6 00       		.byte	0
 888 00f7 03       		.uleb128 0x3
 889 00f8 0E       		.uleb128 0xe
 890 00f9 3A       		.uleb128 0x3a
 891 00fa 0B       		.uleb128 0xb
 892 00fb 3B       		.uleb128 0x3b
 893 00fc 05       		.uleb128 0x5
 894 00fd 49       		.uleb128 0x49
 895 00fe 13       		.uleb128 0x13
 896 00ff 3F       		.uleb128 0x3f
 897 0100 19       		.uleb128 0x19
 898 0101 3C       		.uleb128 0x3c
 899 0102 19       		.uleb128 0x19
 900 0103 00       		.byte	0
 901 0104 00       		.byte	0
 902 0105 14       		.uleb128 0x14
 903 0106 34       		.uleb128 0x34
 904 0107 00       		.byte	0
 905 0108 03       		.uleb128 0x3
 906 0109 0E       		.uleb128 0xe
 907 010a 3A       		.uleb128 0x3a
 908 010b 0B       		.uleb128 0xb
 909 010c 3B       		.uleb128 0x3b
 910 010d 0B       		.uleb128 0xb
 911 010e 49       		.uleb128 0x49
 912 010f 13       		.uleb128 0x13
 913 0110 3F       		.uleb128 0x3f
 914 0111 19       		.uleb128 0x19
 915 0112 02       		.uleb128 0x2
 916 0113 18       		.uleb128 0x18
 917 0114 00       		.byte	0
 918 0115 00       		.byte	0
 919 0116 15       		.uleb128 0x15
 920 0117 2E       		.uleb128 0x2e
 921 0118 00       		.byte	0
 922 0119 3F       		.uleb128 0x3f
 923 011a 19       		.uleb128 0x19
 924 011b 3C       		.uleb128 0x3c
 925 011c 19       		.uleb128 0x19
 926 011d 6E       		.uleb128 0x6e
 927 011e 0E       		.uleb128 0xe
 928 011f 03       		.uleb128 0x3
 929 0120 0E       		.uleb128 0xe
 930 0121 3A       		.uleb128 0x3a
 931 0122 0B       		.uleb128 0xb
 932 0123 3B       		.uleb128 0x3b
 933 0124 0B       		.uleb128 0xb
 934 0125 00       		.byte	0
 935 0126 00       		.byte	0
ARM GAS  C:\Users\KUT-PC\AppData\Local\Temp\ccH67urK.s 			page 19


 936 0127 16       		.uleb128 0x16
 937 0128 2E       		.uleb128 0x2e
 938 0129 00       		.byte	0
 939 012a 3F       		.uleb128 0x3f
 940 012b 19       		.uleb128 0x19
 941 012c 3C       		.uleb128 0x3c
 942 012d 19       		.uleb128 0x19
 943 012e 6E       		.uleb128 0x6e
 944 012f 0E       		.uleb128 0xe
 945 0130 03       		.uleb128 0x3
 946 0131 0E       		.uleb128 0xe
 947 0132 3A       		.uleb128 0x3a
 948 0133 0B       		.uleb128 0xb
 949 0134 3B       		.uleb128 0x3b
 950 0135 05       		.uleb128 0x5
 951 0136 00       		.byte	0
 952 0137 00       		.byte	0
 953 0138 00       		.byte	0
 954              		.section	.debug_aranges,"",%progbits
 955 0000 24000000 		.4byte	0x24
 956 0004 0200     		.2byte	0x2
 957 0006 00000000 		.4byte	.Ldebug_info0
 958 000a 04       		.byte	0x4
 959 000b 00       		.byte	0
 960 000c 0000     		.2byte	0
 961 000e 0000     		.2byte	0
 962 0010 00000000 		.4byte	.LFB65
 963 0014 1C000000 		.4byte	.LFE65-.LFB65
 964 0018 00000000 		.4byte	.LFB64
 965 001c 80000000 		.4byte	.LFE64-.LFB64
 966 0020 00000000 		.4byte	0
 967 0024 00000000 		.4byte	0
 968              		.section	.debug_ranges,"",%progbits
 969              	.Ldebug_ranges0:
 970 0000 00000000 		.4byte	.LFB65
 971 0004 1C000000 		.4byte	.LFE65
 972 0008 00000000 		.4byte	.LFB64
 973 000c 80000000 		.4byte	.LFE64
 974 0010 00000000 		.4byte	0
 975 0014 00000000 		.4byte	0
 976              		.section	.debug_line,"",%progbits
 977              	.Ldebug_line0:
 978 0000 3E020000 		.section	.debug_str,"MS",%progbits,1
 978      0200EA01 
 978      00000201 
 978      FB0E0D00 
 978      01010101 
 979              	.LASF6:
 980 0000 6C6F6E67 		.ascii	"long long int\000"
 980      206C6F6E 
 980      6720696E 
 980      7400
 981              	.LASF23:
 982 000e 43414E5F 		.ascii	"CAN_1_REG_32\000"
 982      315F5245 
 982      475F3332 
 982      00
ARM GAS  C:\Users\KUT-PC\AppData\Local\Temp\ccH67urK.s 			page 20


 983              	.LASF39:
 984 001b 55415254 		.ascii	"UART_1_Start\000"
 984      5F315F53 
 984      74617274 
 984      00
 985              	.LASF37:
 986 0028 75617274 		.ascii	"uartbuf\000"
 986      62756600 
 987              	.LASF41:
 988 0030 4C45445F 		.ascii	"LED_Write\000"
 988      57726974 
 988      6500
 989              	.LASF15:
 990 003a 63686172 		.ascii	"char8\000"
 990      3800
 991              	.LASF42:
 992 0040 43414E5F 		.ascii	"CAN_1_SendMsg\000"
 992      315F5365 
 992      6E644D73 
 992      6700
 993              	.LASF28:
 994 004e 7278616D 		.ascii	"rxamr\000"
 994      7200
 995              	.LASF9:
 996 0054 5F5F696E 		.ascii	"__int32_t\000"
 996      7433325F 
 996      7400
 997              	.LASF4:
 998 005e 6C6F6E67 		.ascii	"long int\000"
 998      20696E74 
 998      00
 999              	.LASF24:
 1000 0067 43414E5F 		.ascii	"CAN_1_TX_MSG\000"
 1000      315F5458 
 1000      5F4D5347 
 1000      00
 1001              	.LASF21:
 1002 0074 62797465 		.ascii	"byte\000"
 1002      00
 1003              	.LASF27:
 1004 0079 72786461 		.ascii	"rxdata\000"
 1004      746100
 1005              	.LASF32:
 1006 0080 43414E5F 		.ascii	"CAN_1_RX_STRUCT\000"
 1006      315F5258 
 1006      5F535452 
 1006      55435400 
 1007              	.LASF31:
 1008 0090 72786163 		.ascii	"rxacrd\000"
 1008      726400
 1009              	.LASF13:
 1010 0097 666C6F61 		.ascii	"float\000"
 1010      7400
 1011              	.LASF1:
 1012 009d 756E7369 		.ascii	"unsigned char\000"
 1012      676E6564 
 1012      20636861 
ARM GAS  C:\Users\KUT-PC\AppData\Local\Temp\ccH67urK.s 			page 21


 1012      7200
 1013              	.LASF46:
 1014 00ab 474E5520 		.ascii	"GNU C11 5.4.1 20160609 (release) [ARM/embedded-5-br"
 1014      43313120 
 1014      352E342E 
 1014      31203230 
 1014      31363036 
 1015 00de 616E6368 		.ascii	"anch revision 237715] -mcpu=cortex-m3 -mthumb -g -O"
 1015      20726576 
 1015      6973696F 
 1015      6E203233 
 1015      37373135 
 1016 0111 67202D66 		.ascii	"g -ffunction-sections -ffat-lto-objects\000"
 1016      66756E63 
 1016      74696F6E 
 1016      2D736563 
 1016      74696F6E 
 1017              	.LASF17:
 1018 0139 72656738 		.ascii	"reg8\000"
 1018      00
 1019              	.LASF5:
 1020 013e 6C6F6E67 		.ascii	"long unsigned int\000"
 1020      20756E73 
 1020      69676E65 
 1020      6420696E 
 1020      7400
 1021              	.LASF3:
 1022 0150 73686F72 		.ascii	"short unsigned int\000"
 1022      7420756E 
 1022      7369676E 
 1022      65642069 
 1022      6E7400
 1023              	.LASF33:
 1024 0163 49544D5F 		.ascii	"ITM_RxBuffer\000"
 1024      52784275 
 1024      66666572 
 1024      00
 1025              	.LASF26:
 1026 0170 72786964 		.ascii	"rxid\000"
 1026      00
 1027              	.LASF14:
 1028 0175 646F7562 		.ascii	"double\000"
 1028      6C6500
 1029              	.LASF2:
 1030 017c 73686F72 		.ascii	"short int\000"
 1030      7420696E 
 1030      7400
 1031              	.LASF36:
 1032 0186 52785F44 		.ascii	"Rx_Data\000"
 1032      61746100 
 1033              	.LASF22:
 1034 018e 43414E5F 		.ascii	"CAN_1_DATA_BYTES\000"
 1034      315F4441 
 1034      54415F42 
 1034      59544553 
 1034      00
 1035              	.LASF12:
ARM GAS  C:\Users\KUT-PC\AppData\Local\Temp\ccH67urK.s 			page 22


 1036 019f 75696E74 		.ascii	"uint32\000"
 1036      333200
 1037              	.LASF50:
 1038 01a6 6D61696E 		.ascii	"main\000"
 1038      00
 1039              	.LASF40:
 1040 01ab 4379496E 		.ascii	"CyIntSetVector\000"
 1040      74536574 
 1040      56656374 
 1040      6F7200
 1041              	.LASF8:
 1042 01ba 756E7369 		.ascii	"unsigned int\000"
 1042      676E6564 
 1042      20696E74 
 1042      00
 1043              	.LASF7:
 1044 01c7 6C6F6E67 		.ascii	"long long unsigned int\000"
 1044      206C6F6E 
 1044      6720756E 
 1044      7369676E 
 1044      65642069 
 1045              	.LASF25:
 1046 01de 7278636D 		.ascii	"rxcmd\000"
 1046      6400
 1047              	.LASF49:
 1048 01e4 4953525F 		.ascii	"ISR_CAN_1\000"
 1048      43414E5F 
 1048      3100
 1049              	.LASF10:
 1050 01ee 696E7433 		.ascii	"int32_t\000"
 1050      325F7400 
 1051              	.LASF35:
 1052 01f6 54785F44 		.ascii	"Tx_Data\000"
 1052      61746100 
 1053              	.LASF30:
 1054 01fe 7278616D 		.ascii	"rxamrd\000"
 1054      726400
 1055              	.LASF19:
 1056 0205 73697A65 		.ascii	"sizetype\000"
 1056      74797065 
 1056      00
 1057              	.LASF34:
 1058 020e 64617461 		.ascii	"dataTX\000"
 1058      545800
 1059              	.LASF47:
 1060 0215 6D61696E 		.ascii	"main.c\000"
 1060      2E6300
 1061              	.LASF16:
 1062 021c 63686172 		.ascii	"char\000"
 1062      00
 1063              	.LASF20:
 1064 0221 43414E5F 		.ascii	"CAN_1_DATA_BYTES_MSG\000"
 1064      315F4441 
 1064      54415F42 
 1064      59544553 
 1064      5F4D5347 
 1065              	.LASF48:
ARM GAS  C:\Users\KUT-PC\AppData\Local\Temp\ccH67urK.s 			page 23


 1066 0236 433A5C55 		.ascii	"C:\\Users\\KUT-PC\\Documents\\PSoC Creator\\CAN_tes"
 1066      73657273 
 1066      5C4B5554 
 1066      2D50435C 
 1066      446F6375 
 1067 0264 745C6361 		.ascii	"t\\can_master.cydsn\000"
 1067      6E5F6D61 
 1067      73746572 
 1067      2E637964 
 1067      736E00
 1068              	.LASF29:
 1069 0277 72786163 		.ascii	"rxacr\000"
 1069      7200
 1070              	.LASF11:
 1071 027d 75696E74 		.ascii	"uint8\000"
 1071      3800
 1072              	.LASF18:
 1073 0283 6C6F6E67 		.ascii	"long double\000"
 1073      20646F75 
 1073      626C6500 
 1074              	.LASF38:
 1075 028f 43414E5F 		.ascii	"CAN_1_Start\000"
 1075      315F5374 
 1075      61727400 
 1076              	.LASF0:
 1077 029b 7369676E 		.ascii	"signed char\000"
 1077      65642063 
 1077      68617200 
 1078              	.LASF45:
 1079 02a7 55415254 		.ascii	"UART_1_PutString\000"
 1079      5F315F50 
 1079      75745374 
 1079      72696E67 
 1079      00
 1080              	.LASF44:
 1081 02b8 73707269 		.ascii	"sprintf\000"
 1081      6E746600 
 1082              	.LASF43:
 1083 02c0 43794465 		.ascii	"CyDelay\000"
 1083      6C617900 
 1084              		.ident	"GCC: (GNU Tools for ARM Embedded Processors) 5.4.1 20160609 (release) [ARM/embedded-5-bran
